<?xml version="1.0" encoding="UTF-8"?>
<testng-results skipped="0" failed="0" total="3" passed="3">
  <reporter-output>
  </reporter-output>
  <suite name="Suite" duration-ms="25" started-at="2014-08-11T06:40:52Z" finished-at="2014-08-11T06:40:52Z">
    <groups>
    </groups>
    <test name="Test" duration-ms="25" started-at="2014-08-11T06:40:52Z" finished-at="2014-08-11T06:40:52Z">
      <class name="com.tavant.JavaTestNGTest1">
        <test-method status="PASS" signature="sumab()[pri:0, instance:com.tavant.JavaTestNGTest1@47533240]" name="sumab" duration-ms="1" started-at="2014-08-11T12:10:52Z" finished-at="2014-08-11T12:10:52Z">
          <reporter-output>
          </reporter-output>
        </test-method> <!-- sumab -->
      </class> <!-- com.tavant.JavaTestNGTest1 -->
      <class name="com.tavant.JavaTestNGTest">
        <test-method status="PASS" signature="sumab()[pri:0, instance:com.tavant.JavaTestNGTest@48c3c62]" name="sumab" duration-ms="10" started-at="2014-08-11T12:10:52Z" finished-at="2014-08-11T12:10:52Z">
          <reporter-output>
          </reporter-output>
        </test-method> <!-- sumab -->
      </class> <!-- com.tavant.JavaTestNGTest -->
      <class name="com.tavant.JavaTestNGTest2">
        <test-method status="PASS" signature="sumab()[pri:0, instance:com.tavant.JavaTestNGTest2@7fbdc7db]" name="sumab" duration-ms="1" started-at="2014-08-11T12:10:52Z" finished-at="2014-08-11T12:10:52Z">
          <reporter-output>
          </reporter-output>
        </test-method> <!-- sumab -->
      </class> <!-- com.tavant.JavaTestNGTest2 -->
    </test> <!-- Test -->
  </suite> <!-- Suite -->
</testng-results>
